<?xml version="1.0" encoding="UTF-8"?>
<testsuite xmlns:xsi="http://www.w3.org/2001/XMLSchema-instance" xsi:noNamespaceSchemaLocation="https://maven.apache.org/surefire/maven-surefire-plugin/xsd/surefire-test-report.xsd" name="TestSuite" time="75.068" tests="1" errors="0" skipped="0" failures="0">
  <properties>
    <property name="sun.desktop" value="gnome"/>
    <property name="awt.toolkit" value="sun.awt.X11.XToolkit"/>
    <property name="java.specification.version" value="11"/>
    <property name="sun.cpu.isalist" value=""/>
    <property name="sun.jnu.encoding" value="UTF-8"/>
    <property name="java.class.path" value="/home/vikash/VIKASH/Birthday/target/test-classes:/home/vikash/VIKASH/Birthday/target/classes:/home/vikash/.m2/repository/io/cucumber/cucumber-testng/6.2.0/cucumber-testng-6.2.0.jar:/home/vikash/.m2/repository/org/apiguardian/apiguardian-api/1.1.0/apiguardian-api-1.1.0.jar:/home/vikash/.m2/repository/io/cucumber/cucumber-core/6.2.0/cucumber-core-6.2.0.jar:/home/vikash/.m2/repository/io/cucumber/cucumber-gherkin/6.2.0/cucumber-gherkin-6.2.0.jar:/home/vikash/.m2/repository/io/cucumber/cucumber-gherkin-messages/6.2.0/cucumber-gherkin-messages-6.2.0.jar:/home/vikash/.m2/repository/io/cucumber/tag-expressions/3.0.0/tag-expressions-3.0.0.jar:/home/vikash/.m2/repository/io/cucumber/cucumber-expressions/10.2.1/cucumber-expressions-10.2.1.jar:/home/vikash/.m2/repository/io/cucumber/datatable/3.3.1/datatable-3.3.1.jar:/home/vikash/.m2/repository/io/cucumber/cucumber-plugin/6.2.0/cucumber-plugin-6.2.0.jar:/home/vikash/.m2/repository/io/cucumber/docstring/6.2.0/docstring-6.2.0.jar:/home/vikash/.m2/repository/io/cucumber/html-formatter/7.0.0/html-formatter-7.0.0.jar:/home/vikash/.m2/repository/io/cucumber/cucumber-java/6.2.0/cucumber-java-6.2.0.jar:/home/vikash/.m2/repository/javax/mail/mail/1.4/mail-1.4.jar:/home/vikash/.m2/repository/javax/activation/activation/1.1/activation-1.1.jar:/home/vikash/.m2/repository/org/zeroturnaround/zt-zip/1.14/zt-zip-1.14.jar:/home/vikash/.m2/repository/org/slf4j/slf4j-api/1.6.6/slf4j-api-1.6.6.jar:/home/vikash/.m2/repository/io/cucumber/gherkin/17.0.2/gherkin-17.0.2.jar:/home/vikash/.m2/repository/io/cucumber/messages/14.1.2/messages-14.1.2.jar:/home/vikash/.m2/repository/io/github/bonigarcia/webdrivermanager/3.8.1/webdrivermanager-3.8.1.jar:/home/vikash/.m2/repository/com/google/code/gson/gson/2.8.5/gson-2.8.5.jar:/home/vikash/.m2/repository/org/apache/commons/commons-lang3/3.8.1/commons-lang3-3.8.1.jar:/home/vikash/.m2/repository/org/apache/httpcomponents/httpclient/4.5.6/httpclient-4.5.6.jar:/home/vikash/.m2/repository/org/rauschig/jarchivelib/1.0.0/jarchivelib-1.0.0.jar:/home/vikash/.m2/repository/org/jsoup/jsoup/1.11.3/jsoup-1.11.3.jar:/home/vikash/.m2/repository/com/github/javafaker/javafaker/1.0.2/javafaker-1.0.2.jar:/home/vikash/.m2/repository/org/yaml/snakeyaml/1.23/snakeyaml-1.23-android.jar:/home/vikash/.m2/repository/com/github/mifmif/generex/1.0.2/generex-1.0.2.jar:/home/vikash/.m2/repository/dk/brics/automaton/automaton/1.11-8/automaton-1.11-8.jar:/home/vikash/.m2/repository/junit/junit/4.12/junit-4.12.jar:/home/vikash/.m2/repository/org/hamcrest/hamcrest-core/1.3/hamcrest-core-1.3.jar:/home/vikash/.m2/repository/de/openkeyword/autoit/0.1.11/autoit-0.1.11.jar:/home/vikash/.m2/repository/net/sf/jacob-project/jacob/1.14.3/jacob-1.14.3.jar:/home/vikash/.m2/repository/org/antlr/antlr4-runtime/4.5.2/antlr4-runtime-4.5.2.jar:/home/vikash/.m2/repository/org/antlr/ST4/4.0.8/ST4-4.0.8.jar:/home/vikash/.m2/repository/org/antlr/antlr-runtime/3.5.2/antlr-runtime-3.5.2.jar:/home/vikash/.m2/repository/com/sun/xml/bind/jaxb-core/2.2.11/jaxb-core-2.2.11.jar:/home/vikash/.m2/repository/javax/xml/bind/jaxb-api/2.2.12/jaxb-api-2.2.12.jar:/home/vikash/.m2/repository/com/sun/xml/bind/jaxb-impl/2.2.11/jaxb-impl-2.2.11.jar:/home/vikash/.m2/repository/com/sun/xml/bind/jaxb-jxc/2.2.11/jaxb-jxc-2.2.11.jar:/home/vikash/.m2/repository/com/sun/xml/bind/jaxb-xjc/2.2.11/jaxb-xjc-2.2.11.jar:/home/vikash/.m2/repository/com/hynnet/jacob/1.18/jacob-1.18.jar:/home/vikash/.m2/repository/com/github/spullara/mustache/java/compiler/0.9.4/compiler-0.9.4.jar:/home/vikash/.m2/repository/org/json/json/20210307/json-20210307.jar:/home/vikash/.m2/repository/org/seleniumhq/selenium/selenium-java/3.14.0/selenium-java-3.14.0.jar:/home/vikash/.m2/repository/org/seleniumhq/selenium/selenium-api/3.14.0/selenium-api-3.14.0.jar:/home/vikash/.m2/repository/org/seleniumhq/selenium/selenium-chrome-driver/3.14.0/selenium-chrome-driver-3.14.0.jar:/home/vikash/.m2/repository/org/seleniumhq/selenium/selenium-edge-driver/3.14.0/selenium-edge-driver-3.14.0.jar:/home/vikash/.m2/repository/org/seleniumhq/selenium/selenium-firefox-driver/3.14.0/selenium-firefox-driver-3.14.0.jar:/home/vikash/.m2/repository/org/seleniumhq/selenium/selenium-ie-driver/3.14.0/selenium-ie-driver-3.14.0.jar:/home/vikash/.m2/repository/org/seleniumhq/selenium/selenium-opera-driver/3.14.0/selenium-opera-driver-3.14.0.jar:/home/vikash/.m2/repository/org/seleniumhq/selenium/selenium-remote-driver/3.14.0/selenium-remote-driver-3.14.0.jar:/home/vikash/.m2/repository/org/seleniumhq/selenium/selenium-safari-driver/3.14.0/selenium-safari-driver-3.14.0.jar:/home/vikash/.m2/repository/org/seleniumhq/selenium/selenium-support/3.14.0/selenium-support-3.14.0.jar:/home/vikash/.m2/repository/net/bytebuddy/byte-buddy/1.8.15/byte-buddy-1.8.15.jar:/home/vikash/.m2/repository/org/apache/commons/commons-exec/1.3/commons-exec-1.3.jar:/home/vikash/.m2/repository/commons-codec/commons-codec/1.10/commons-codec-1.10.jar:/home/vikash/.m2/repository/commons-logging/commons-logging/1.2/commons-logging-1.2.jar:/home/vikash/.m2/repository/com/google/guava/guava/25.0-jre/guava-25.0-jre.jar:/home/vikash/.m2/repository/com/google/code/findbugs/jsr305/1.3.9/jsr305-1.3.9.jar:/home/vikash/.m2/repository/org/checkerframework/checker-compat-qual/2.0.0/checker-compat-qual-2.0.0.jar:/home/vikash/.m2/repository/com/google/errorprone/error_prone_annotations/2.1.3/error_prone_annotations-2.1.3.jar:/home/vikash/.m2/repository/com/google/j2objc/j2objc-annotations/1.1/j2objc-annotations-1.1.jar:/home/vikash/.m2/repository/org/codehaus/mojo/animal-sniffer-annotations/1.14/animal-sniffer-annotations-1.14.jar:/home/vikash/.m2/repository/org/apache/httpcomponents/httpcore/4.4.9/httpcore-4.4.9.jar:/home/vikash/.m2/repository/com/squareup/okhttp3/okhttp/3.10.0/okhttp-3.10.0.jar:/home/vikash/.m2/repository/com/squareup/okio/okio/1.14.1/okio-1.14.1.jar:/home/vikash/.m2/repository/org/testng/testng/6.14.3/testng-6.14.3.jar:/home/vikash/.m2/repository/com/beust/jcommander/1.72/jcommander-1.72.jar:/home/vikash/.m2/repository/org/apache-extras/beanshell/bsh/2.0b6/bsh-2.0b6.jar:/home/vikash/.m2/repository/com/googlecode/json-simple/json-simple/1.1.1/json-simple-1.1.1.jar:/home/vikash/.m2/repository/org/apache/poi/poi/4.1.2/poi-4.1.2.jar:/home/vikash/.m2/repository/org/apache/commons/commons-collections4/4.4/commons-collections4-4.4.jar:/home/vikash/.m2/repository/org/apache/commons/commons-math3/3.6.1/commons-math3-3.6.1.jar:/home/vikash/.m2/repository/com/zaxxer/SparseBitSet/1.2/SparseBitSet-1.2.jar:/home/vikash/.m2/repository/org/apache/poi/poi-ooxml/4.1.2/poi-ooxml-4.1.2.jar:/home/vikash/.m2/repository/org/apache/poi/poi-ooxml-schemas/4.1.2/poi-ooxml-schemas-4.1.2.jar:/home/vikash/.m2/repository/org/apache/xmlbeans/xmlbeans/3.1.0/xmlbeans-3.1.0.jar:/home/vikash/.m2/repository/org/apache/commons/commons-compress/1.19/commons-compress-1.19.jar:/home/vikash/.m2/repository/com/github/virtuald/curvesapi/1.06/curvesapi-1.06.jar:/home/vikash/.m2/repository/com/aventstack/extentreports/5.0.8/extentreports-5.0.8.jar:/home/vikash/.m2/repository/io/reactivex/rxjava3/rxjava/3.0.4/rxjava-3.0.4.jar:/home/vikash/.m2/repository/org/reactivestreams/reactive-streams/1.0.3/reactive-streams-1.0.3.jar:/home/vikash/.m2/repository/org/freemarker/freemarker/2.3.30/freemarker-2.3.30.jar:/home/vikash/.m2/repository/org/projectlombok/lombok/1.18.12/lombok-1.18.12.jar:/home/vikash/.m2/repository/tech/grasshopper/extentreports-cucumber6-adapter/2.8.1/extentreports-cucumber6-adapter-2.8.1.jar:/home/vikash/.m2/repository/tech/grasshopper/extent-pdf-report/1.7.1/extent-pdf-report-1.7.1.jar:/home/vikash/.m2/repository/tech/grasshopper/cucumber-pdf-report/2.2.1/cucumber-pdf-report-2.2.1.jar:/home/vikash/.m2/repository/org/apache/pdfbox/pdfbox/2.0.22/pdfbox-2.0.22.jar:/home/vikash/.m2/repository/org/apache/pdfbox/fontbox/2.0.22/fontbox-2.0.22.jar:/home/vikash/.m2/repository/org/knowm/xchart/xchart/3.8.0/xchart-3.8.0.jar:/home/vikash/.m2/repository/de/erichseifert/vectorgraphics2d/VectorGraphics2D/0.13/VectorGraphics2D-0.13.jar:/home/vikash/.m2/repository/de/rototor/pdfbox/graphics2d/0.30/graphics2d-0.30.jar:/home/vikash/.m2/repository/com/madgag/animated-gif-lib/1.4/animated-gif-lib-1.4.jar:/home/vikash/.m2/repository/org/yaml/snakeyaml/1.28/snakeyaml-1.28.jar:/home/vikash/.m2/repository/tech/grasshopper/table-layout/1.2.0/table-layout-1.2.0.jar:/home/vikash/.m2/repository/com/aventstack/klov-reporter/5.0.6/klov-reporter-5.0.6.jar:/home/vikash/.m2/repository/org/mongodb/bson/3.6.4/bson-3.6.4.jar:/home/vikash/.m2/repository/org/apache/httpcomponents/httpmime/4.5.2/httpmime-4.5.2.jar:/home/vikash/.m2/repository/org/mongodb/mongodb-driver/3.3.0/mongodb-driver-3.3.0.jar:/home/vikash/.m2/repository/org/mongodb/mongodb-driver-core/3.3.0/mongodb-driver-core-3.3.0.jar:/home/vikash/.m2/repository/commons-io/commons-io/2.8.0/commons-io-2.8.0.jar:/home/vikash/.m2/repository/org/apache/logging/log4j/log4j-core/2.14.0/log4j-core-2.14.0.jar:/home/vikash/.m2/repository/org/apache/logging/log4j/log4j-api/2.14.1/log4j-api-2.14.1.jar:/home/vikash/.m2/repository/org/apache/maven/surefire/surefire-testng-utils/2.22.0/surefire-testng-utils-2.22.0.jar:/home/vikash/.m2/repository/org/apache/maven/surefire/surefire-grouper/2.22.0/surefire-grouper-2.22.0.jar:"/>
    <property name="java.vm.vendor" value="Ubuntu"/>
    <property name="sun.arch.data.model" value="64"/>
    <property name="java.vendor.url" value="https://ubuntu.com/"/>
    <property name="user.timezone" value=""/>
    <property name="java.vm.specification.version" value="11"/>
    <property name="os.name" value="Linux"/>
    <property name="sun.java.launcher" value="SUN_STANDARD"/>
    <property name="user.country" value="IN"/>
    <property name="sun.boot.library.path" value="/usr/lib/jvm/java-11-openjdk-amd64/lib"/>
    <property name="sun.java.command" value="/home/vikash/VIKASH/Birthday/target/surefire/surefirebooter13671550614119311183.jar /home/vikash/VIKASH/Birthday/target/surefire 2021-08-09T18-57-40_890-jvmRun1 surefire1884221272939779605tmp surefire_02804242528620824265tmp"/>
    <property name="jdk.debug" value="release"/>
    <property name="surefire.test.class.path" value="/home/vikash/VIKASH/Birthday/target/test-classes:/home/vikash/VIKASH/Birthday/target/classes:/home/vikash/.m2/repository/io/cucumber/cucumber-testng/6.2.0/cucumber-testng-6.2.0.jar:/home/vikash/.m2/repository/org/apiguardian/apiguardian-api/1.1.0/apiguardian-api-1.1.0.jar:/home/vikash/.m2/repository/io/cucumber/cucumber-core/6.2.0/cucumber-core-6.2.0.jar:/home/vikash/.m2/repository/io/cucumber/cucumber-gherkin/6.2.0/cucumber-gherkin-6.2.0.jar:/home/vikash/.m2/repository/io/cucumber/cucumber-gherkin-messages/6.2.0/cucumber-gherkin-messages-6.2.0.jar:/home/vikash/.m2/repository/io/cucumber/tag-expressions/3.0.0/tag-expressions-3.0.0.jar:/home/vikash/.m2/repository/io/cucumber/cucumber-expressions/10.2.1/cucumber-expressions-10.2.1.jar:/home/vikash/.m2/repository/io/cucumber/datatable/3.3.1/datatable-3.3.1.jar:/home/vikash/.m2/repository/io/cucumber/cucumber-plugin/6.2.0/cucumber-plugin-6.2.0.jar:/home/vikash/.m2/repository/io/cucumber/docstring/6.2.0/docstring-6.2.0.jar:/home/vikash/.m2/repository/io/cucumber/html-formatter/7.0.0/html-formatter-7.0.0.jar:/home/vikash/.m2/repository/io/cucumber/cucumber-java/6.2.0/cucumber-java-6.2.0.jar:/home/vikash/.m2/repository/javax/mail/mail/1.4/mail-1.4.jar:/home/vikash/.m2/repository/javax/activation/activation/1.1/activation-1.1.jar:/home/vikash/.m2/repository/org/zeroturnaround/zt-zip/1.14/zt-zip-1.14.jar:/home/vikash/.m2/repository/org/slf4j/slf4j-api/1.6.6/slf4j-api-1.6.6.jar:/home/vikash/.m2/repository/io/cucumber/gherkin/17.0.2/gherkin-17.0.2.jar:/home/vikash/.m2/repository/io/cucumber/messages/14.1.2/messages-14.1.2.jar:/home/vikash/.m2/repository/io/github/bonigarcia/webdrivermanager/3.8.1/webdrivermanager-3.8.1.jar:/home/vikash/.m2/repository/com/google/code/gson/gson/2.8.5/gson-2.8.5.jar:/home/vikash/.m2/repository/org/apache/commons/commons-lang3/3.8.1/commons-lang3-3.8.1.jar:/home/vikash/.m2/repository/org/apache/httpcomponents/httpclient/4.5.6/httpclient-4.5.6.jar:/home/vikash/.m2/repository/org/rauschig/jarchivelib/1.0.0/jarchivelib-1.0.0.jar:/home/vikash/.m2/repository/org/jsoup/jsoup/1.11.3/jsoup-1.11.3.jar:/home/vikash/.m2/repository/com/github/javafaker/javafaker/1.0.2/javafaker-1.0.2.jar:/home/vikash/.m2/repository/org/yaml/snakeyaml/1.23/snakeyaml-1.23-android.jar:/home/vikash/.m2/repository/com/github/mifmif/generex/1.0.2/generex-1.0.2.jar:/home/vikash/.m2/repository/dk/brics/automaton/automaton/1.11-8/automaton-1.11-8.jar:/home/vikash/.m2/repository/junit/junit/4.12/junit-4.12.jar:/home/vikash/.m2/repository/org/hamcrest/hamcrest-core/1.3/hamcrest-core-1.3.jar:/home/vikash/.m2/repository/de/openkeyword/autoit/0.1.11/autoit-0.1.11.jar:/home/vikash/.m2/repository/net/sf/jacob-project/jacob/1.14.3/jacob-1.14.3.jar:/home/vikash/.m2/repository/org/antlr/antlr4-runtime/4.5.2/antlr4-runtime-4.5.2.jar:/home/vikash/.m2/repository/org/antlr/ST4/4.0.8/ST4-4.0.8.jar:/home/vikash/.m2/repository/org/antlr/antlr-runtime/3.5.2/antlr-runtime-3.5.2.jar:/home/vikash/.m2/repository/com/sun/xml/bind/jaxb-core/2.2.11/jaxb-core-2.2.11.jar:/home/vikash/.m2/repository/javax/xml/bind/jaxb-api/2.2.12/jaxb-api-2.2.12.jar:/home/vikash/.m2/repository/com/sun/xml/bind/jaxb-impl/2.2.11/jaxb-impl-2.2.11.jar:/home/vikash/.m2/repository/com/sun/xml/bind/jaxb-jxc/2.2.11/jaxb-jxc-2.2.11.jar:/home/vikash/.m2/repository/com/sun/xml/bind/jaxb-xjc/2.2.11/jaxb-xjc-2.2.11.jar:/home/vikash/.m2/repository/com/hynnet/jacob/1.18/jacob-1.18.jar:/home/vikash/.m2/repository/com/github/spullara/mustache/java/compiler/0.9.4/compiler-0.9.4.jar:/home/vikash/.m2/repository/org/json/json/20210307/json-20210307.jar:/home/vikash/.m2/repository/org/seleniumhq/selenium/selenium-java/3.14.0/selenium-java-3.14.0.jar:/home/vikash/.m2/repository/org/seleniumhq/selenium/selenium-api/3.14.0/selenium-api-3.14.0.jar:/home/vikash/.m2/repository/org/seleniumhq/selenium/selenium-chrome-driver/3.14.0/selenium-chrome-driver-3.14.0.jar:/home/vikash/.m2/repository/org/seleniumhq/selenium/selenium-edge-driver/3.14.0/selenium-edge-driver-3.14.0.jar:/home/vikash/.m2/repository/org/seleniumhq/selenium/selenium-firefox-driver/3.14.0/selenium-firefox-driver-3.14.0.jar:/home/vikash/.m2/repository/org/seleniumhq/selenium/selenium-ie-driver/3.14.0/selenium-ie-driver-3.14.0.jar:/home/vikash/.m2/repository/org/seleniumhq/selenium/selenium-opera-driver/3.14.0/selenium-opera-driver-3.14.0.jar:/home/vikash/.m2/repository/org/seleniumhq/selenium/selenium-remote-driver/3.14.0/selenium-remote-driver-3.14.0.jar:/home/vikash/.m2/repository/org/seleniumhq/selenium/selenium-safari-driver/3.14.0/selenium-safari-driver-3.14.0.jar:/home/vikash/.m2/repository/org/seleniumhq/selenium/selenium-support/3.14.0/selenium-support-3.14.0.jar:/home/vikash/.m2/repository/net/bytebuddy/byte-buddy/1.8.15/byte-buddy-1.8.15.jar:/home/vikash/.m2/repository/org/apache/commons/commons-exec/1.3/commons-exec-1.3.jar:/home/vikash/.m2/repository/commons-codec/commons-codec/1.10/commons-codec-1.10.jar:/home/vikash/.m2/repository/commons-logging/commons-logging/1.2/commons-logging-1.2.jar:/home/vikash/.m2/repository/com/google/guava/guava/25.0-jre/guava-25.0-jre.jar:/home/vikash/.m2/repository/com/google/code/findbugs/jsr305/1.3.9/jsr305-1.3.9.jar:/home/vikash/.m2/repository/org/checkerframework/checker-compat-qual/2.0.0/checker-compat-qual-2.0.0.jar:/home/vikash/.m2/repository/com/google/errorprone/error_prone_annotations/2.1.3/error_prone_annotations-2.1.3.jar:/home/vikash/.m2/repository/com/google/j2objc/j2objc-annotations/1.1/j2objc-annotations-1.1.jar:/home/vikash/.m2/repository/org/codehaus/mojo/animal-sniffer-annotations/1.14/animal-sniffer-annotations-1.14.jar:/home/vikash/.m2/repository/org/apache/httpcomponents/httpcore/4.4.9/httpcore-4.4.9.jar:/home/vikash/.m2/repository/com/squareup/okhttp3/okhttp/3.10.0/okhttp-3.10.0.jar:/home/vikash/.m2/repository/com/squareup/okio/okio/1.14.1/okio-1.14.1.jar:/home/vikash/.m2/repository/org/testng/testng/6.14.3/testng-6.14.3.jar:/home/vikash/.m2/repository/com/beust/jcommander/1.72/jcommander-1.72.jar:/home/vikash/.m2/repository/org/apache-extras/beanshell/bsh/2.0b6/bsh-2.0b6.jar:/home/vikash/.m2/repository/com/googlecode/json-simple/json-simple/1.1.1/json-simple-1.1.1.jar:/home/vikash/.m2/repository/org/apache/poi/poi/4.1.2/poi-4.1.2.jar:/home/vikash/.m2/repository/org/apache/commons/commons-collections4/4.4/commons-collections4-4.4.jar:/home/vikash/.m2/repository/org/apache/commons/commons-math3/3.6.1/commons-math3-3.6.1.jar:/home/vikash/.m2/repository/com/zaxxer/SparseBitSet/1.2/SparseBitSet-1.2.jar:/home/vikash/.m2/repository/org/apache/poi/poi-ooxml/4.1.2/poi-ooxml-4.1.2.jar:/home/vikash/.m2/repository/org/apache/poi/poi-ooxml-schemas/4.1.2/poi-ooxml-schemas-4.1.2.jar:/home/vikash/.m2/repository/org/apache/xmlbeans/xmlbeans/3.1.0/xmlbeans-3.1.0.jar:/home/vikash/.m2/repository/org/apache/commons/commons-compress/1.19/commons-compress-1.19.jar:/home/vikash/.m2/repository/com/github/virtuald/curvesapi/1.06/curvesapi-1.06.jar:/home/vikash/.m2/repository/com/aventstack/extentreports/5.0.8/extentreports-5.0.8.jar:/home/vikash/.m2/repository/io/reactivex/rxjava3/rxjava/3.0.4/rxjava-3.0.4.jar:/home/vikash/.m2/repository/org/reactivestreams/reactive-streams/1.0.3/reactive-streams-1.0.3.jar:/home/vikash/.m2/repository/org/freemarker/freemarker/2.3.30/freemarker-2.3.30.jar:/home/vikash/.m2/repository/org/projectlombok/lombok/1.18.12/lombok-1.18.12.jar:/home/vikash/.m2/repository/tech/grasshopper/extentreports-cucumber6-adapter/2.8.1/extentreports-cucumber6-adapter-2.8.1.jar:/home/vikash/.m2/repository/tech/grasshopper/extent-pdf-report/1.7.1/extent-pdf-report-1.7.1.jar:/home/vikash/.m2/repository/tech/grasshopper/cucumber-pdf-report/2.2.1/cucumber-pdf-report-2.2.1.jar:/home/vikash/.m2/repository/org/apache/pdfbox/pdfbox/2.0.22/pdfbox-2.0.22.jar:/home/vikash/.m2/repository/org/apache/pdfbox/fontbox/2.0.22/fontbox-2.0.22.jar:/home/vikash/.m2/repository/org/knowm/xchart/xchart/3.8.0/xchart-3.8.0.jar:/home/vikash/.m2/repository/de/erichseifert/vectorgraphics2d/VectorGraphics2D/0.13/VectorGraphics2D-0.13.jar:/home/vikash/.m2/repository/de/rototor/pdfbox/graphics2d/0.30/graphics2d-0.30.jar:/home/vikash/.m2/repository/com/madgag/animated-gif-lib/1.4/animated-gif-lib-1.4.jar:/home/vikash/.m2/repository/org/yaml/snakeyaml/1.28/snakeyaml-1.28.jar:/home/vikash/.m2/repository/tech/grasshopper/table-layout/1.2.0/table-layout-1.2.0.jar:/home/vikash/.m2/repository/com/aventstack/klov-reporter/5.0.6/klov-reporter-5.0.6.jar:/home/vikash/.m2/repository/org/mongodb/bson/3.6.4/bson-3.6.4.jar:/home/vikash/.m2/repository/org/apache/httpcomponents/httpmime/4.5.2/httpmime-4.5.2.jar:/home/vikash/.m2/repository/org/mongodb/mongodb-driver/3.3.0/mongodb-driver-3.3.0.jar:/home/vikash/.m2/repository/org/mongodb/mongodb-driver-core/3.3.0/mongodb-driver-core-3.3.0.jar:/home/vikash/.m2/repository/commons-io/commons-io/2.8.0/commons-io-2.8.0.jar:/home/vikash/.m2/repository/org/apache/logging/log4j/log4j-core/2.14.0/log4j-core-2.14.0.jar:/home/vikash/.m2/repository/org/apache/logging/log4j/log4j-api/2.14.1/log4j-api-2.14.1.jar:/home/vikash/.m2/repository/org/apache/maven/surefire/surefire-testng-utils/2.22.0/surefire-testng-utils-2.22.0.jar:/home/vikash/.m2/repository/org/apache/maven/surefire/surefire-grouper/2.22.0/surefire-grouper-2.22.0.jar:"/>
    <property name="sun.cpu.endian" value="little"/>
    <property name="user.home" value="/home/vikash"/>
    <property name="user.language" value="en"/>
    <property name="java.specification.vendor" value="Oracle Corporation"/>
    <property name="java.version.date" value="2021-04-20"/>
    <property name="java.home" value="/usr/lib/jvm/java-11-openjdk-amd64"/>
    <property name="file.separator" value="/"/>
    <property name="basedir" value="/home/vikash/VIKASH/Birthday"/>
    <property name="java.vm.compressedOopsMode" value="Zero based"/>
    <property name="line.separator" value="&#10;"/>
    <property name="java.specification.name" value="Java Platform API Specification"/>
    <property name="java.vm.specification.vendor" value="Oracle Corporation"/>
    <property name="java.awt.graphicsenv" value="sun.awt.X11GraphicsEnvironment"/>
    <property name="surefire.real.class.path" value="/home/vikash/VIKASH/Birthday/target/surefire/surefirebooter13671550614119311183.jar"/>
    <property name="sun.management.compiler" value="HotSpot 64-Bit Tiered Compilers"/>
    <property name="java.runtime.version" value="11.0.11+9-Ubuntu-0ubuntu2.20.04"/>
    <property name="user.name" value="vikash"/>
    <property name="path.separator" value=":"/>
    <property name="os.version" value="5.8.0-63-generic"/>
    <property name="java.runtime.name" value="OpenJDK Runtime Environment"/>
    <property name="file.encoding" value="UTF-8"/>
    <property name="java.vm.name" value="OpenJDK 64-Bit Server VM"/>
    <property name="localRepository" value="/home/vikash/.m2/repository"/>
    <property name="java.vendor.url.bug" value="https://bugs.launchpad.net/ubuntu/+source/openjdk-lts"/>
    <property name="java.io.tmpdir" value="/tmp"/>
    <property name="java.version" value="11.0.11"/>
    <property name="user.dir" value="/home/vikash/VIKASH/Birthday"/>
    <property name="os.arch" value="amd64"/>
    <property name="java.vm.specification.name" value="Java Virtual Machine Specification"/>
    <property name="java.awt.printerjob" value="sun.print.PSPrinterJob"/>
    <property name="sun.os.patch.level" value="unknown"/>
    <property name="java.library.path" value="/usr/java/packages/lib:/usr/lib/x86_64-linux-gnu/jni:/lib/x86_64-linux-gnu:/usr/lib/x86_64-linux-gnu:/usr/lib/jni:/lib:/usr/lib"/>
    <property name="java.vm.info" value="mixed mode, sharing"/>
    <property name="java.vendor" value="Ubuntu"/>
    <property name="java.vm.version" value="11.0.11+9-Ubuntu-0ubuntu2.20.04"/>
    <property name="sun.io.unicode.encoding" value="UnicodeLittle"/>
    <property name="java.class.version" value="55.0"/>
  </properties>
  <testcase name="runScenario" classname="fnp.project.automation.test.TestRunner" time="65.786"/>
</testsuite>