<?xml version="1.0" encoding="UTF-8"?>
<!-- Generated by org.testng.reporters.JUnitReportReporter -->
<testsuite hostname="LAPTOP-4BK013Q7" failures="0" tests="1" name="fnp.project.automation.test.TestRunner" time="27.526" errors="0" timestamp="16 Aug 2021 15:39:49 GMT" skipped="0">
  <testcase classname="fnp.project.automation.test.TestRunner" name="runScenario" time="27.526"/>
</testsuite> <!-- fnp.project.automation.test.TestRunner -->
