<?xml version="1.0" encoding="UTF-8"?>
<!-- Generated by org.testng.reporters.JUnitReportReporter -->
<testsuite hostname="vikash" failures="0" tests="1" name="fnp.project.automation.test.TestRunner" time="65.785" errors="0" timestamp="09 Aug 2021 13:28:56 GMT" skipped="0">
  <testcase classname="fnp.project.automation.test.TestRunner" name="runScenario" time="65.785"/>
</testsuite> <!-- fnp.project.automation.test.TestRunner -->
